<?xml version="1.0" encoding="UTF-8"?>
<testng-results ignored="0" total="1" passed="1" failed="0" skipped="0">
  <reporter-output>
  </reporter-output>
  <suite started-at="2026-05-15T10:09:21 IST" name="Default suite" finished-at="2026-05-15T10:09:21 IST" duration-ms="69">
    <groups>
    </groups>
    <test started-at="2026-05-15T10:09:21 IST" name="Default test" finished-at="2026-05-15T10:09:21 IST" duration-ms="69">
      <class name="Test.SeleniumAutomation.before_after_test">
        <test-method is-config="true" signature="location()[pri:0, instance:Test.SeleniumAutomation.before_after_test@2f4948e4]" started-at="2026-05-15T10:09:21 IST" name="location" finished-at="2026-05-15T10:09:21 IST" duration-ms="12" status="PASS">
          <reporter-output>
          </reporter-output>
        </test-method> <!-- location -->
        <test-method signature="mock()[pri:0, instance:Test.SeleniumAutomation.before_after_test@2f4948e4]" started-at="2026-05-15T10:09:21 IST" name="mock" finished-at="2026-05-15T10:09:21 IST" duration-ms="6" status="PASS">
          <reporter-output>
          </reporter-output>
        </test-method> <!-- mock -->
        <test-method is-config="true" signature="time()[pri:0, instance:Test.SeleniumAutomation.before_after_test@2f4948e4]" started-at="2026-05-15T10:09:21 IST" name="time" finished-at="2026-05-15T10:09:21 IST" duration-ms="1" status="PASS">
          <reporter-output>
          </reporter-output>
        </test-method> <!-- time -->
      </class> <!-- Test.SeleniumAutomation.before_after_test -->
    </test> <!-- Default test -->
  </suite> <!-- Default suite -->
</testng-results>
