<?xml version="1.0" encoding="UTF-8"?>
<!-- Generated by org.testng.reporters.JUnitReportReporter -->
<testsuite hostname="sayali" failures="0" tests="3" name="Test.SeleniumAutomation.sample" time="0.012" errors="0" timestamp="2026-05-15T09:58:33 IST" skipped="0">
  <testcase classname="Test.SeleniumAutomation.sample" name="third" time="0.001"/>
  <testcase classname="Test.SeleniumAutomation.sample" name="second" time="0.002"/>
  <testcase classname="Test.SeleniumAutomation.sample" name="first" time="0.009"/>
</testsuite> <!-- Test.SeleniumAutomation.sample -->
